<?xml version="1.0" encoding="UTF-8"?>
<testng-results ignored="0" total="1" passed="1" failed="0" skipped="0">
  <reporter-output>
  </reporter-output>
  <suite started-at="2025-01-23T21:45:12 IST" name="Default suite" finished-at="2025-01-23T21:45:32 IST" duration-ms="20365">
    <groups>
    </groups>
    <test started-at="2025-01-23T21:45:12 IST" name="Default test" finished-at="2025-01-23T21:45:32 IST" duration-ms="20365">
      <class name="Orangehrmlive.testcases.testbrokenlinks">
        <test-method is-config="true" signature="loadConfigProperties()[pri:0, instance:Orangehrmlive.testcases.testbrokenlinks@28261e8e]" started-at="2025-01-23T21:45:12 IST" name="loadConfigProperties" finished-at="2025-01-23T21:45:12 IST" duration-ms="323" status="PASS">
          <reporter-output>
          </reporter-output>
        </test-method> <!-- loadConfigProperties -->
        <test-method is-config="true" signature="setup()[pri:0, instance:Orangehrmlive.testcases.testbrokenlinks@28261e8e]" started-at="2025-01-23T21:45:12 IST" name="setup" finished-at="2025-01-23T21:45:19 IST" duration-ms="7085" status="PASS">
          <reporter-output>
          </reporter-output>
        </test-method> <!-- setup -->
        <test-method signature="brokenlinktest()[pri:0, instance:Orangehrmlive.testcases.testbrokenlinks@28261e8e]" started-at="2025-01-23T21:45:19 IST" name="brokenlinktest" finished-at="2025-01-23T21:45:32 IST" duration-ms="12402" status="PASS">
          <reporter-output>
          </reporter-output>
        </test-method> <!-- brokenlinktest -->
        <test-method is-config="true" signature="teardown()[pri:0, instance:Orangehrmlive.testcases.testbrokenlinks@28261e8e]" started-at="2025-01-23T21:45:32 IST" name="teardown" finished-at="2025-01-23T21:45:32 IST" duration-ms="845" status="PASS">
          <reporter-output>
          </reporter-output>
        </test-method> <!-- teardown -->
        <test-method is-config="true" signature="AfterSuite()[pri:0, instance:Orangehrmlive.testcases.testbrokenlinks@28261e8e]" started-at="2025-01-23T21:45:33 IST" name="AfterSuite" finished-at="2025-01-23T21:45:33 IST" duration-ms="256" status="PASS">
          <reporter-output>
          </reporter-output>
        </test-method> <!-- AfterSuite -->
      </class> <!-- Orangehrmlive.testcases.testbrokenlinks -->
    </test> <!-- Default test -->
  </suite> <!-- Default suite -->
</testng-results>
